<?xml version="1.0" encoding="UTF-8"?>
<testsuite xmlns:xsi="http://www.w3.org/2001/XMLSchema-instance" xsi:noNamespaceSchemaLocation="https://maven.apache.org/surefire/maven-surefire-plugin/xsd/surefire-test-report.xsd" name="es.curso.AppTest" time="0.094" tests="18" errors="0" skipped="0" failures="0">
  <properties>
    <property name="awt.toolkit" value="sun.awt.X11.XToolkit"/>
    <property name="java.specification.version" value="11"/>
    <property name="sun.cpu.isalist" value=""/>
    <property name="sun.jnu.encoding" value="UTF-8"/>
    <property name="java.class.path" value="/home/ubuntu/environment/curso/dockerfile/java/target/test-classes:/home/ubuntu/environment/curso/dockerfile/java/target/classes:/home/ubuntu/.m2/repository/junit/junit/4.11/junit-4.11.jar:/home/ubuntu/.m2/repository/org/hamcrest/hamcrest-core/1.3/hamcrest-core-1.3.jar:"/>
    <property name="java.vm.vendor" value="Private Build"/>
    <property name="sun.arch.data.model" value="64"/>
    <property name="java.vendor.url" value="Unknown"/>
    <property name="user.timezone" value=""/>
    <property name="java.vm.specification.version" value="11"/>
    <property name="os.name" value="Linux"/>
    <property name="sun.java.launcher" value="SUN_STANDARD"/>
    <property name="sun.boot.library.path" value="/usr/lib/jvm/java-11-openjdk-amd64/lib"/>
    <property name="sun.java.command" value="/home/ubuntu/environment/curso/dockerfile/java/target/surefire/surefirebooter1319329871924453270.jar /home/ubuntu/environment/curso/dockerfile/java/target/surefire 2022-07-06T10-29-38_658-jvmRun1 surefire9090234065091170009tmp surefire_09864934173558020922tmp"/>
    <property name="jdk.debug" value="release"/>
    <property name="surefire.test.class.path" value="/home/ubuntu/environment/curso/dockerfile/java/target/test-classes:/home/ubuntu/environment/curso/dockerfile/java/target/classes:/home/ubuntu/.m2/repository/junit/junit/4.11/junit-4.11.jar:/home/ubuntu/.m2/repository/org/hamcrest/hamcrest-core/1.3/hamcrest-core-1.3.jar:"/>
    <property name="sun.cpu.endian" value="little"/>
    <property name="user.home" value="/home/ubuntu"/>
    <property name="user.language" value="en"/>
    <property name="java.specification.vendor" value="Oracle Corporation"/>
    <property name="java.version.date" value="2022-04-19"/>
    <property name="java.home" value="/usr/lib/jvm/java-11-openjdk-amd64"/>
    <property name="file.separator" value="/"/>
    <property name="basedir" value="/home/ubuntu/environment/curso/dockerfile/java"/>
    <property name="java.vm.compressedOopsMode" value="Zero based"/>
    <property name="line.separator" value="&#10;"/>
    <property name="java.specification.name" value="Java Platform API Specification"/>
    <property name="java.vm.specification.vendor" value="Oracle Corporation"/>
    <property name="java.awt.graphicsenv" value="sun.awt.X11GraphicsEnvironment"/>
    <property name="surefire.real.class.path" value="/home/ubuntu/environment/curso/dockerfile/java/target/surefire/surefirebooter1319329871924453270.jar"/>
    <property name="sun.management.compiler" value="HotSpot 64-Bit Tiered Compilers"/>
    <property name="java.runtime.version" value="11.0.15+10-Ubuntu-0ubuntu0.18.04.1"/>
    <property name="user.name" value="ubuntu"/>
    <property name="path.separator" value=":"/>
    <property name="os.version" value="5.4.0-1080-aws"/>
    <property name="java.runtime.name" value="OpenJDK Runtime Environment"/>
    <property name="file.encoding" value="UTF-8"/>
    <property name="java.vm.name" value="OpenJDK 64-Bit Server VM"/>
    <property name="localRepository" value="/home/ubuntu/.m2/repository"/>
    <property name="java.vendor.url.bug" value="Unknown"/>
    <property name="java.io.tmpdir" value="/tmp"/>
    <property name="java.version" value="11.0.15"/>
    <property name="user.dir" value="/home/ubuntu/environment/curso/dockerfile/java"/>
    <property name="os.arch" value="amd64"/>
    <property name="java.vm.specification.name" value="Java Virtual Machine Specification"/>
    <property name="java.awt.printerjob" value="sun.print.PSPrinterJob"/>
    <property name="sun.os.patch.level" value="unknown"/>
    <property name="java.library.path" value="/usr/java/packages/lib:/usr/lib/x86_64-linux-gnu/jni:/lib/x86_64-linux-gnu:/usr/lib/x86_64-linux-gnu:/usr/lib/jni:/lib:/usr/lib"/>
    <property name="java.vm.info" value="mixed mode, sharing"/>
    <property name="java.vendor" value="Private Build"/>
    <property name="java.vm.version" value="11.0.15+10-Ubuntu-0ubuntu0.18.04.1"/>
    <property name="sun.io.unicode.encoding" value="UnicodeLittle"/>
    <property name="java.class.version" value="55.0"/>
  </properties>
  <testcase name="pruebaCuadruple" classname="es.curso.AppTest" time="0.009"/>
  <testcase name="shouldAnswerWithTrue" classname="es.curso.AppTest" time="0"/>
  <testcase name="pruebaMenorIguales" classname="es.curso.AppTest" time="0"/>
  <testcase name="pruebaMenorNegativos" classname="es.curso.AppTest" time="0.001"/>
  <testcase name="pruebaMenorNumero1" classname="es.curso.AppTest" time="0.001"/>
  <testcase name="pruebaMenorNumero2" classname="es.curso.AppTest" time="0.001"/>
  <testcase name="pruebaMayorIguales" classname="es.curso.AppTest" time="0"/>
  <testcase name="pruebaMayorSegundo" classname="es.curso.AppTest" time="0"/>
  <testcase name="pruebaCuadruple2" classname="es.curso.AppTest" time="0"/>
  <testcase name="pruebaCuadruple3" classname="es.curso.AppTest" time="0.001"/>
  <testcase name="pruebaDoblarNegativo" classname="es.curso.AppTest" time="0.001"/>
  <testcase name="pruebaDoblar" classname="es.curso.AppTest" time="0"/>
  <testcase name="pruebaTriple" classname="es.curso.AppTest" time="0"/>
  <testcase name="pruebaDoblarCero" classname="es.curso.AppTest" time="0"/>
  <testcase name="pruebaMayorPrimero" classname="es.curso.AppTest" time="0.001"/>
  <testcase name="pruebaMayorNegativos" classname="es.curso.AppTest" time="0"/>
  <testcase name="pruebaTriple2" classname="es.curso.AppTest" time="0.001"/>
  <testcase name="pruebaTriple3" classname="es.curso.AppTest" time="0.001"/>
</testsuite>